2019-05-23 13:35:11 [org.springframework.boot.StartupInfoLogger:50] - Starting DemoApplication on DESKTOP-MTOOOSO with PID 11044 (D:\springboot\bootDemo\target\classes started by 10712 in D:\springboot\bootDemo)
2019-05-23 13:35:11 [org.springframework.boot.SpringApplication:675] - No active profile set, falling back to default profiles: default
2019-05-23 13:35:12 [org.springframework.data.repository.config.RepositoryConfigurationDelegate:244] - Multiple Spring Data modules found, entering strict repository configuration mode!
2019-05-23 13:35:12 [org.springframework.data.repository.config.RepositoryConfigurationDelegate:126] - Bootstrapping Spring Data repositories in DEFAULT mode.
2019-05-23 13:35:12 [org.springframework.data.repository.config.RepositoryConfigurationDelegate:182] - Finished Spring Data repository scanning in 19ms. Found 0 repository interfaces.
2019-05-23 13:35:12 [org.springframework.context.support.PostProcessorRegistrationDelegate$BeanPostProcessorChecker:330] - Bean 'org.springframework.amqp.rabbit.annotation.RabbitBootstrapConfiguration' of type [org.springframework.amqp.rabbit.annotation.RabbitBootstrapConfiguration$$EnhancerBySpringCGLIB$$e4916d1b] is not eligible for getting processed by all BeanPostProcessors (for example: not eligible for auto-proxying)
2019-05-23 13:35:12 [org.springframework.context.support.PostProcessorRegistrationDelegate$BeanPostProcessorChecker:330] - Bean 'redisConfig' of type [com.example.demo.globel.RedisConfig$$EnhancerBySpringCGLIB$$ee8a957a] is not eligible for getting processed by all BeanPostProcessors (for example: not eligible for auto-proxying)
2019-05-23 13:35:12 [org.springframework.context.support.PostProcessorRegistrationDelegate$BeanPostProcessorChecker:330] - Bean 'org.springframework.transaction.annotation.ProxyTransactionManagementConfiguration' of type [org.springframework.transaction.annotation.ProxyTransactionManagementConfiguration$$EnhancerBySpringCGLIB$$1e25aeed] is not eligible for getting processed by all BeanPostProcessors (for example: not eligible for auto-proxying)
2019-05-23 13:35:13 [org.springframework.boot.web.embedded.tomcat.TomcatWebServer:90] - Tomcat initialized with port(s): 8089 (http)
2019-05-23 13:35:13 [org.apache.juli.logging.DirectJDKLog:173] - Initializing ProtocolHandler ["http-nio-8089"]
2019-05-23 13:35:13 [org.apache.juli.logging.DirectJDKLog:173] - Starting service [Tomcat]
2019-05-23 13:35:13 [org.apache.juli.logging.DirectJDKLog:173] - Starting Servlet Engine: Apache Tomcat/9.0.13
2019-05-23 13:35:13 [org.apache.juli.logging.DirectJDKLog:173] - The APR based Apache Tomcat Native library which allows optimal performance in production environments was not found on the java.library.path: [C:\Program Files\Java\jdk1.8.0_201\bin;C:\Windows\Sun\Java\bin;C:\Windows\system32;C:\Windows;C:\Program Files (x86)\Common Files\Oracle\Java\javapath;C:\Program Files (x86)\Intel\iCLS Client\;C:\Program Files\Intel\iCLS Client\;C:\Windows\system32;C:\Windows;C:\Windows\System32\Wbem;C:\Windows\System32\WindowsPowerShell\v1.0\;C:\Program Files (x86)\Intel\Intel(R) Management Engine Components\DAL;C:\Program Files\Intel\Intel(R) Management Engine Components\DAL;C:\Program Files (x86)\Intel\Intel(R) Management Engine Components\IPT;C:\Program Files\Intel\Intel(R) Management Engine Components\IPT;C:\Windows\System32\OpenSSH\;D:\svn\bin;D:\git\Git\cmd;C:\Users\10712\AppData\Local\Microsoft\WindowsApps;;.]
2019-05-23 13:35:13 [org.apache.juli.logging.DirectJDKLog:173] - Initializing Spring embedded WebApplicationContext
2019-05-23 13:35:13 [org.springframework.boot.web.servlet.context.ServletWebServerApplicationContext:296] - Root WebApplicationContext: initialization completed in 1714 ms
2019-05-23 13:35:17 [com.alibaba.druid.pool.DruidDataSource:652] - {dataSource-1} inited
2019-05-23 13:35:18 [org.springframework.amqp.rabbit.connection.AbstractConnectionFactory:460] - Attempting to connect to: [106.14.190.167:5672]
2019-05-23 13:35:18 [org.springframework.amqp.rabbit.connection.AbstractConnectionFactory:496] - Created new connection: rabbitConnectionFactory#5921b93c:0/SimpleConnection@22e813fc [delegate=amqp://test@106.14.190.167:5672/, localPort= 58796]
2019-05-23 13:35:18 [org.apache.juli.logging.DirectJDKLog:173] - Starting ProtocolHandler ["http-nio-8089"]
2019-05-23 13:35:18 [org.apache.juli.logging.DirectJDKLog:173] - Using a shared selector for servlet write/read
2019-05-23 13:35:19 [org.springframework.boot.web.embedded.tomcat.TomcatWebServer:204] - Tomcat started on port(s): 8089 (http) with context path ''
2019-05-23 13:35:19 [org.springframework.boot.StartupInfoLogger:59] - Started DemoApplication in 7.926 seconds (JVM running for 9.409)
